
Packet number: 1  Packet Len: 58

	Ethernet Header
		Dest MAC: ff:ff:ff:ff:ff:ff
		Source MAC: 7c:d1:c3:9a:f1:ee
		Type: IP

	IP Header
		IP Version: 4
		Header Len (bytes): 20
		TOS subfields:
		   Diffserv bits: 0
		   ECN bits: 0
		TTL: 64
		Protocol: UDP
		Checksum: Correct (0x455a)
		Sender IP: 192.168.1.10
		Dest IP: 192.168.1.255

	UDP Header
		Source Port:  59289
		Dest Port:  8612

Packet number: 2  Packet Len: 58

	Ethernet Header
		Dest MAC: 1:0:5e:0:0:1
		Source MAC: 7c:d1:c3:9a:f1:ee
		Type: IP

	IP Header
		IP Version: 4
		Header Len (bytes): 20
		TOS subfields:
		   Diffserv bits: 0
		   ECN bits: 0
		TTL: 1
		Protocol: UDP
		Checksum: Correct (0x32a9)
		Sender IP: 192.168.1.10
		Dest IP: 224.0.0.1

	UDP Header
		Source Port:  50265
		Dest Port:  8612

Packet number: 3  Packet Len: 60

	Ethernet Header
		Dest MAC: ff:ff:ff:ff:ff:ff
		Source MAC: dc:ef:9:a8:b0:17
		Type: ARP

	ARP header
		Opcode: Request
		Sender MAC: dc:ef:9:a8:b0:17
		Sender IP: 192.168.1.1
		Target MAC: 0:0:0:0:0:0
		Target IP: 192.168.1.10


Packet number: 4  Packet Len: 60

	Ethernet Header
		Dest MAC: ff:ff:ff:ff:ff:ff
		Source MAC: dc:ef:9:a8:b0:17
		Type: ARP

	ARP header
		Opcode: Request
		Sender MAC: dc:ef:9:a8:b0:17
		Sender IP: 192.168.1.1
		Target MAC: 0:0:0:0:0:0
		Target IP: 192.168.1.8


Packet number: 5  Packet Len: 60

	Ethernet Header
		Dest MAC: ff:ff:ff:ff:ff:ff
		Source MAC: dc:ef:9:a8:b0:17
		Type: ARP

	ARP header
		Opcode: Request
		Sender MAC: dc:ef:9:a8:b0:17
		Sender IP: 192.168.1.1
		Target MAC: 0:0:0:0:0:0
		Target IP: 192.168.1.3


Packet number: 6  Packet Len: 60

	Ethernet Header
		Dest MAC: ff:ff:ff:ff:ff:ff
		Source MAC: dc:ef:9:a8:b0:17
		Type: ARP

	ARP header
		Opcode: Request
		Sender MAC: dc:ef:9:a8:b0:17
		Sender IP: 192.168.1.1
		Target MAC: 0:0:0:0:0:0
		Target IP: 192.168.1.6


Packet number: 7  Packet Len: 42

	Ethernet Header
		Dest MAC: dc:ef:9:a8:b0:17
		Source MAC: 28:cf:da:d7:a9:b0
		Type: ARP

	ARP header
		Opcode: Reply
		Sender MAC: 28:cf:da:d7:a9:b0
		Sender IP: 192.168.1.8
		Target MAC: dc:ef:9:a8:b0:17
		Target IP: 192.168.1.1


Packet number: 8  Packet Len: 60

	Ethernet Header
		Dest MAC: ff:ff:ff:ff:ff:ff
		Source MAC: dc:ef:9:a8:b0:17
		Type: ARP

	ARP header
		Opcode: Request
		Sender MAC: dc:ef:9:a8:b0:17
		Sender IP: 192.168.1.1
		Target MAC: 0:0:0:0:0:0
		Target IP: 192.168.1.5


Packet number: 9  Packet Len: 60

	Ethernet Header
		Dest MAC: ff:ff:ff:ff:ff:ff
		Source MAC: dc:ef:9:a8:b0:17
		Type: ARP

	ARP header
		Opcode: Request
		Sender MAC: dc:ef:9:a8:b0:17
		Sender IP: 192.168.1.1
		Target MAC: 0:0:0:0:0:0
		Target IP: 192.168.1.2


Packet number: 10  Packet Len: 60

	Ethernet Header
		Dest MAC: ff:ff:ff:ff:ff:ff
		Source MAC: dc:ef:9:a8:b0:17
		Type: ARP

	ARP header
		Opcode: Request
		Sender MAC: dc:ef:9:a8:b0:17
		Sender IP: 192.168.1.1
		Target MAC: 0:0:0:0:0:0
		Target IP: 192.168.1.9


Packet number: 11  Packet Len: 60

	Ethernet Header
		Dest MAC: ff:ff:ff:ff:ff:ff
		Source MAC: dc:ef:9:a8:b0:17
		Type: ARP

	ARP header
		Opcode: Request
		Sender MAC: dc:ef:9:a8:b0:17
		Sender IP: 192.168.1.1
		Target MAC: 0:0:0:0:0:0
		Target IP: 192.168.1.4


Packet number: 12  Packet Len: 60

	Ethernet Header
		Dest MAC: ff:ff:ff:ff:ff:ff
		Source MAC: dc:ef:9:a8:b0:17
		Type: ARP

	ARP header
		Opcode: Request
		Sender MAC: dc:ef:9:a8:b0:17
		Sender IP: 192.168.1.1
		Target MAC: 0:0:0:0:0:0
		Target IP: 192.168.1.7


Packet number: 13  Packet Len: 60

	Ethernet Header
		Dest MAC: ff:ff:ff:ff:ff:ff
		Source MAC: dc:ef:9:a8:b0:17
		Type: ARP

	ARP header
		Opcode: Request
		Sender MAC: dc:ef:9:a8:b0:17
		Sender IP: 192.168.1.1
		Target MAC: 0:0:0:0:0:0
		Target IP: 192.168.1.12


Packet number: 14  Packet Len: 60

	Ethernet Header
		Dest MAC: ff:ff:ff:ff:ff:ff
		Source MAC: dc:ef:9:a8:b0:17
		Type: ARP

	ARP header
		Opcode: Request
		Sender MAC: dc:ef:9:a8:b0:17
		Sender IP: 192.168.1.1
		Target MAC: 0:0:0:0:0:0
		Target IP: 192.168.1.14


Packet number: 15  Packet Len: 215

	Ethernet Header
		Dest MAC: ff:ff:ff:ff:ff:ff
		Source MAC: dc:ef:9:a8:b0:17
		Type: IP

	IP Header
		IP Version: 4
		Header Len (bytes): 20
		TOS subfields:
		   Diffserv bits: 0
		   ECN bits: 0
		TTL: 64
		Protocol: UDP
		Checksum: Correct (0x787b)
		Sender IP: 192.168.1.1
		Dest IP: 255.255.255.255

	UDP Header
		Source Port:  54776
		Dest Port:  7423

Packet number: 16  Packet Len: 60

	Ethernet Header
		Dest MAC: ff:ff:ff:ff:ff:ff
		Source MAC: dc:ef:9:a8:b0:17
		Type: ARP

	ARP header
		Opcode: Request
		Sender MAC: dc:ef:9:a8:b0:17
		Sender IP: 192.168.1.1
		Target MAC: 0:0:0:0:0:0
		Target IP: 192.168.1.8


Packet number: 17  Packet Len: 42

	Ethernet Header
		Dest MAC: dc:ef:9:a8:b0:17
		Source MAC: 28:cf:da:d7:a9:b0
		Type: ARP

	ARP header
		Opcode: Reply
		Sender MAC: 28:cf:da:d7:a9:b0
		Sender IP: 192.168.1.8
		Target MAC: dc:ef:9:a8:b0:17
		Target IP: 192.168.1.1


Packet number: 18  Packet Len: 60

	Ethernet Header
		Dest MAC: ff:ff:ff:ff:ff:ff
		Source MAC: dc:ef:9:a8:b0:17
		Type: ARP

	ARP header
		Opcode: Request
		Sender MAC: dc:ef:9:a8:b0:17
		Sender IP: 192.168.1.1
		Target MAC: 0:0:0:0:0:0
		Target IP: 192.168.1.3


Packet number: 19  Packet Len: 60

	Ethernet Header
		Dest MAC: ff:ff:ff:ff:ff:ff
		Source MAC: dc:ef:9:a8:b0:17
		Type: ARP

	ARP header
		Opcode: Request
		Sender MAC: dc:ef:9:a8:b0:17
		Sender IP: 192.168.1.1
		Target MAC: 0:0:0:0:0:0
		Target IP: 192.168.1.6


Packet number: 20  Packet Len: 60

	Ethernet Header
		Dest MAC: ff:ff:ff:ff:ff:ff
		Source MAC: dc:ef:9:a8:b0:17
		Type: ARP

	ARP header
		Opcode: Request
		Sender MAC: dc:ef:9:a8:b0:17
		Sender IP: 192.168.1.1
		Target MAC: 0:0:0:0:0:0
		Target IP: 192.168.1.5


Packet number: 21  Packet Len: 60

	Ethernet Header
		Dest MAC: ff:ff:ff:ff:ff:ff
		Source MAC: dc:ef:9:a8:b0:17
		Type: ARP

	ARP header
		Opcode: Request
		Sender MAC: dc:ef:9:a8:b0:17
		Sender IP: 192.168.1.1
		Target MAC: 0:0:0:0:0:0
		Target IP: 192.168.1.2


Packet number: 22  Packet Len: 60

	Ethernet Header
		Dest MAC: ff:ff:ff:ff:ff:ff
		Source MAC: dc:ef:9:a8:b0:17
		Type: ARP

	ARP header
		Opcode: Request
		Sender MAC: dc:ef:9:a8:b0:17
		Sender IP: 192.168.1.1
		Target MAC: 0:0:0:0:0:0
		Target IP: 192.168.1.9


Packet number: 23  Packet Len: 60

	Ethernet Header
		Dest MAC: ff:ff:ff:ff:ff:ff
		Source MAC: dc:ef:9:a8:b0:17
		Type: ARP

	ARP header
		Opcode: Request
		Sender MAC: dc:ef:9:a8:b0:17
		Sender IP: 192.168.1.1
		Target MAC: 0:0:0:0:0:0
		Target IP: 192.168.1.4


Packet number: 24  Packet Len: 60

	Ethernet Header
		Dest MAC: ff:ff:ff:ff:ff:ff
		Source MAC: dc:ef:9:a8:b0:17
		Type: ARP

	ARP header
		Opcode: Request
		Sender MAC: dc:ef:9:a8:b0:17
		Sender IP: 192.168.1.1
		Target MAC: 0:0:0:0:0:0
		Target IP: 192.168.1.7


Packet number: 25  Packet Len: 60

	Ethernet Header
		Dest MAC: ff:ff:ff:ff:ff:ff
		Source MAC: dc:ef:9:a8:b0:17
		Type: ARP

	ARP header
		Opcode: Request
		Sender MAC: dc:ef:9:a8:b0:17
		Sender IP: 192.168.1.1
		Target MAC: 0:0:0:0:0:0
		Target IP: 192.168.1.12


Packet number: 26  Packet Len: 60

	Ethernet Header
		Dest MAC: ff:ff:ff:ff:ff:ff
		Source MAC: dc:ef:9:a8:b0:17
		Type: ARP

	ARP header
		Opcode: Request
		Sender MAC: dc:ef:9:a8:b0:17
		Sender IP: 192.168.1.1
		Target MAC: 0:0:0:0:0:0
		Target IP: 192.168.1.14


Packet number: 27  Packet Len: 60

	Ethernet Header
		Dest MAC: ff:ff:ff:ff:ff:ff
		Source MAC: dc:ef:9:a8:b0:17
		Type: ARP

	ARP header
		Opcode: Request
		Sender MAC: dc:ef:9:a8:b0:17
		Sender IP: 192.168.1.1
		Target MAC: 0:0:0:0:0:0
		Target IP: 192.168.1.10


Packet number: 28  Packet Len: 60

	Ethernet Header
		Dest MAC: ff:ff:ff:ff:ff:ff
		Source MAC: dc:ef:9:a8:b0:17
		Type: ARP

	ARP header
		Opcode: Request
		Sender MAC: dc:ef:9:a8:b0:17
		Sender IP: 192.168.1.1
		Target MAC: 0:0:0:0:0:0
		Target IP: 192.168.1.8


Packet number: 29  Packet Len: 42

	Ethernet Header
		Dest MAC: dc:ef:9:a8:b0:17
		Source MAC: 28:cf:da:d7:a9:b0
		Type: ARP

	ARP header
		Opcode: Reply
		Sender MAC: 28:cf:da:d7:a9:b0
		Sender IP: 192.168.1.8
		Target MAC: dc:ef:9:a8:b0:17
		Target IP: 192.168.1.1


Packet number: 30  Packet Len: 60

	Ethernet Header
		Dest MAC: ff:ff:ff:ff:ff:ff
		Source MAC: dc:ef:9:a8:b0:17
		Type: ARP

	ARP header
		Opcode: Request
		Sender MAC: dc:ef:9:a8:b0:17
		Sender IP: 192.168.1.1
		Target MAC: 0:0:0:0:0:0
		Target IP: 192.168.1.6


Packet number: 31  Packet Len: 60

	Ethernet Header
		Dest MAC: ff:ff:ff:ff:ff:ff
		Source MAC: dc:ef:9:a8:b0:17
		Type: ARP

	ARP header
		Opcode: Request
		Sender MAC: dc:ef:9:a8:b0:17
		Sender IP: 192.168.1.1
		Target MAC: 0:0:0:0:0:0
		Target IP: 192.168.1.5


Packet number: 32  Packet Len: 60

	Ethernet Header
		Dest MAC: ff:ff:ff:ff:ff:ff
		Source MAC: dc:ef:9:a8:b0:17
		Type: ARP

	ARP header
		Opcode: Request
		Sender MAC: dc:ef:9:a8:b0:17
		Sender IP: 192.168.1.1
		Target MAC: 0:0:0:0:0:0
		Target IP: 192.168.1.2


Packet number: 33  Packet Len: 60

	Ethernet Header
		Dest MAC: ff:ff:ff:ff:ff:ff
		Source MAC: dc:ef:9:a8:b0:17
		Type: ARP

	ARP header
		Opcode: Request
		Sender MAC: dc:ef:9:a8:b0:17
		Sender IP: 192.168.1.1
		Target MAC: 0:0:0:0:0:0
		Target IP: 192.168.1.9


Packet number: 34  Packet Len: 60

	Ethernet Header
		Dest MAC: ff:ff:ff:ff:ff:ff
		Source MAC: dc:ef:9:a8:b0:17
		Type: ARP

	ARP header
		Opcode: Request
		Sender MAC: dc:ef:9:a8:b0:17
		Sender IP: 192.168.1.1
		Target MAC: 0:0:0:0:0:0
		Target IP: 192.168.1.4


Packet number: 35  Packet Len: 60

	Ethernet Header
		Dest MAC: ff:ff:ff:ff:ff:ff
		Source MAC: dc:ef:9:a8:b0:17
		Type: ARP

	ARP header
		Opcode: Request
		Sender MAC: dc:ef:9:a8:b0:17
		Sender IP: 192.168.1.1
		Target MAC: 0:0:0:0:0:0
		Target IP: 192.168.1.7


Packet number: 36  Packet Len: 60

	Ethernet Header
		Dest MAC: ff:ff:ff:ff:ff:ff
		Source MAC: dc:ef:9:a8:b0:17
		Type: ARP

	ARP header
		Opcode: Request
		Sender MAC: dc:ef:9:a8:b0:17
		Sender IP: 192.168.1.1
		Target MAC: 0:0:0:0:0:0
		Target IP: 192.168.1.12


Packet number: 37  Packet Len: 60

	Ethernet Header
		Dest MAC: ff:ff:ff:ff:ff:ff
		Source MAC: dc:ef:9:a8:b0:17
		Type: ARP

	ARP header
		Opcode: Request
		Sender MAC: dc:ef:9:a8:b0:17
		Sender IP: 192.168.1.1
		Target MAC: 0:0:0:0:0:0
		Target IP: 192.168.1.14


Packet number: 38  Packet Len: 92

	Ethernet Header
		Dest MAC: ff:ff:ff:ff:ff:ff
		Source MAC: 78:ca:39:b0:7b:ac
		Type: IP

	IP Header
		IP Version: 4
		Header Len (bytes): 20
		TOS subfields:
		   Diffserv bits: 0
		   ECN bits: 0
		TTL: 64
		Protocol: UDP
		Checksum: Correct (0x0316)
		Sender IP: 192.168.1.7
		Dest IP: 192.168.1.255

	UDP Header
		Source Port:  137
		Dest Port:  137

Packet number: 39  Packet Len: 92

	Ethernet Header
		Dest MAC: 28:cf:da:d7:a9:b0
		Source MAC: dc:ef:9:a8:b0:17
		Type: IP

	IP Header
		IP Version: 4
		Header Len (bytes): 20
		TOS subfields:
		   Diffserv bits: 0
		   ECN bits: 0
		TTL: 64
		Protocol: UDP
		Checksum: Correct (0xb745)
		Sender IP: 192.168.1.1
		Dest IP: 192.168.1.8

	UDP Header
		Source Port:  45010
		Dest Port:  137

Packet number: 40  Packet Len: 163

	Ethernet Header
		Dest MAC: dc:ef:9:a8:b0:17
		Source MAC: 28:cf:da:d7:a9:b0
		Type: IP

	IP Header
		IP Version: 4
		Header Len (bytes): 20
		TOS subfields:
		   Diffserv bits: 0
		   ECN bits: 0
		TTL: 64
		Protocol: UDP
		Checksum: Correct (0x1c4b)
		Sender IP: 192.168.1.8
		Dest IP: 192.168.1.1

	UDP Header
		Source Port:  137
		Dest Port:  45010

Packet number: 41  Packet Len: 54

	Ethernet Header
		Dest MAC: dc:ef:9:a8:b0:17
		Source MAC: 28:cf:da:d7:a9:b0
		Type: IP

	IP Header
		IP Version: 4
		Header Len (bytes): 20
		TOS subfields:
		   Diffserv bits: 0
		   ECN bits: 0
		TTL: 64
		Protocol: TCP
		Checksum: Correct (0x40b9)
		Sender IP: 192.168.1.8
		Dest IP: 74.125.21.138

	TCP Header
		Source Port:  58429
		Dest Port:  443
		Sequence Number: 3741526001
		ACK Number: 696202410
		Data Offset (bytes): 20
		SYN Flag: No
		RST Flag: No
		FIN Flag: No
		ACK Flag: Yes
		Window Size: 4083
		Checksum: Correct (0x3313)

Packet number: 42  Packet Len: 66

	Ethernet Header
		Dest MAC: 28:cf:da:d7:a9:b0
		Source MAC: dc:ef:9:a8:b0:17
		Type: IP

	IP Header
		IP Version: 4
		Header Len (bytes): 20
		TOS subfields:
		   Diffserv bits: 0
		   ECN bits: 0
		TTL: 38
		Protocol: TCP
		Checksum: Correct (0xb79b)
		Sender IP: 74.125.21.138
		Dest IP: 192.168.1.8

	TCP Header
		Source Port:  443
		Dest Port:  58429
		Sequence Number: 696202410
		ACK Number: 3741526002
		Data Offset (bytes): 32
		SYN Flag: No
		RST Flag: No
		FIN Flag: No
		ACK Flag: Yes
		Window Size: 350
		Checksum: Correct (0xa9f3)

Packet number: 43  Packet Len: 54

	Ethernet Header
		Dest MAC: dc:ef:9:a8:b0:17
		Source MAC: 28:cf:da:d7:a9:b0
		Type: IP

	IP Header
		IP Version: 4
		Header Len (bytes): 20
		TOS subfields:
		   Diffserv bits: 0
		   ECN bits: 0
		TTL: 64
		Protocol: TCP
		Checksum: Correct (0x992c)
		Sender IP: 192.168.1.8
		Dest IP: 74.125.21.120

	TCP Header
		Source Port:  58433
		Dest Port:  443
		Sequence Number: 4272818234
		ACK Number: 414506882
		Data Offset (bytes): 20
		SYN Flag: No
		RST Flag: No
		FIN Flag: No
		ACK Flag: Yes
		Window Size: 4083
		Checksum: Correct (0x991f)

Packet number: 44  Packet Len: 54

	Ethernet Header
		Dest MAC: dc:ef:9:a8:b0:17
		Source MAC: 28:cf:da:d7:a9:b0
		Type: IP

	IP Header
		IP Version: 4
		Header Len (bytes): 20
		TOS subfields:
		   Diffserv bits: 0
		   ECN bits: 0
		TTL: 64
		Protocol: TCP
		Checksum: Correct (0x824e)
		Sender IP: 192.168.1.8
		Dest IP: 64.233.177.132

	TCP Header
		Source Port:  58432
		Dest Port:  443
		Sequence Number: 3897291823
		ACK Number: 1571470535
		Data Offset (bytes): 20
		SYN Flag: No
		RST Flag: No
		FIN Flag: No
		ACK Flag: Yes
		Window Size: 4083
		Checksum: Correct (0x0eda)

Packet number: 45  Packet Len: 54

	Ethernet Header
		Dest MAC: dc:ef:9:a8:b0:17
		Source MAC: 28:cf:da:d7:a9:b0
		Type: IP

	IP Header
		IP Version: 4
		Header Len (bytes): 20
		TOS subfields:
		   Diffserv bits: 0
		   ECN bits: 0
		TTL: 64
		Protocol: TCP
		Checksum: Correct (0x4991)
		Sender IP: 192.168.1.8
		Dest IP: 74.125.196.113

	TCP Header
		Source Port:  58431
		Dest Port:  443
		Sequence Number: 2881619014
		ACK Number: 3068701569
		Data Offset (bytes): 20
		SYN Flag: No
		RST Flag: No
		FIN Flag: No
		ACK Flag: Yes
		Window Size: 4113
		Checksum: Correct (0xd6b6)

Packet number: 46  Packet Len: 66

	Ethernet Header
		Dest MAC: 28:cf:da:d7:a9:b0
		Source MAC: dc:ef:9:a8:b0:17
		Type: IP

	IP Header
		IP Version: 4
		Header Len (bytes): 20
		TOS subfields:
		   Diffserv bits: 0
		   ECN bits: 0
		TTL: 38
		Protocol: TCP
		Checksum: Correct (0xce66)
		Sender IP: 74.125.196.113
		Dest IP: 192.168.1.8

	TCP Header
		Source Port:  443
		Dest Port:  58431
		Sequence Number: 3068701569
		ACK Number: 2881619015
		Data Offset (bytes): 32
		SYN Flag: No
		RST Flag: No
		FIN Flag: No
		ACK Flag: Yes
		Window Size: 350
		Checksum: Correct (0x3aa7)

Packet number: 47  Packet Len: 66

	Ethernet Header
		Dest MAC: 28:cf:da:d7:a9:b0
		Source MAC: dc:ef:9:a8:b0:17
		Type: IP

	IP Header
		IP Version: 4
		Header Len (bytes): 20
		TOS subfields:
		   Diffserv bits: 0
		   ECN bits: 0
		TTL: 38
		Protocol: TCP
		Checksum: Correct (0x12c8)
		Sender IP: 74.125.21.120
		Dest IP: 192.168.1.8

	TCP Header
		Source Port:  443
		Dest Port:  58433
		Sequence Number: 414506882
		ACK Number: 4272818235
		Data Offset (bytes): 32
		SYN Flag: No
		RST Flag: No
		FIN Flag: No
		ACK Flag: Yes
		Window Size: 350
		Checksum: Correct (0x03ca)

Packet number: 48  Packet Len: 66

	Ethernet Header
		Dest MAC: 28:cf:da:d7:a9:b0
		Source MAC: dc:ef:9:a8:b0:17
		Type: IP

	IP Header
		IP Version: 4
		Header Len (bytes): 20
		TOS subfields:
		   Diffserv bits: 0
		   ECN bits: 0
		TTL: 38
		Protocol: TCP
		Checksum: Correct (0xdab6)
		Sender IP: 64.233.177.132
		Dest IP: 192.168.1.8

	TCP Header
		Source Port:  443
		Dest Port:  58432
		Sequence Number: 1571470535
		ACK Number: 3897291824
		Data Offset (bytes): 32
		SYN Flag: No
		RST Flag: No
		FIN Flag: No
		ACK Flag: Yes
		Window Size: 350
		Checksum: Correct (0xe633)

Packet number: 49  Packet Len: 152

	Ethernet Header
		Dest MAC: 1:0:5e:0:0:fb
		Source MAC: 28:cf:da:d7:a9:b0
		Type: IP

	IP Header
		IP Version: 4
		Header Len (bytes): 20
		TOS subfields:
		   Diffserv bits: 0
		   ECN bits: 0
		TTL: 255
		Protocol: UDP
		Checksum: Correct (0x59fc)
		Sender IP: 192.168.1.8
		Dest IP: 224.0.0.251

	UDP Header
		Source Port:  5353
		Dest Port:  5353

Packet number: 50  Packet Len: 172

	Ethernet Header
		Dest MAC: 33:33:0:0:0:fb
		Source MAC: 28:cf:da:d7:a9:b0
		Type: Unknown


Packet number: 51  Packet Len: 54

	Ethernet Header
		Dest MAC: dc:ef:9:a8:b0:17
		Source MAC: 28:cf:da:d7:a9:b0
		Type: IP

	IP Header
		IP Version: 4
		Header Len (bytes): 20
		TOS subfields:
		   Diffserv bits: 0
		   ECN bits: 0
		TTL: 64
		Protocol: TCP
		Checksum: Correct (0x0e38)
		Sender IP: 192.168.1.8
		Dest IP: 74.125.196.188

	TCP Header
		Source Port:  58169
		Dest Port:  5228
		Sequence Number: 977416094
		ACK Number: 697348592
		Data Offset (bytes): 20
		SYN Flag: No
		RST Flag: No
		FIN Flag: No
		ACK Flag: Yes
		Window Size: 4105
		Checksum: Correct (0x91da)

Packet number: 52  Packet Len: 66

	Ethernet Header
		Dest MAC: 28:cf:da:d7:a9:b0
		Source MAC: dc:ef:9:a8:b0:17
		Type: IP

	IP Header
		IP Version: 4
		Header Len (bytes): 20
		TOS subfields:
		   Diffserv bits: 0
		   ECN bits: 0
		TTL: 38
		Protocol: TCP
		Checksum: Correct (0x014b)
		Sender IP: 74.125.196.188
		Dest IP: 192.168.1.8

	TCP Header
		Source Port:  5228
		Dest Port:  58169
		Sequence Number: 697348592
		ACK Number: 977416095
		Data Offset (bytes): 32
		SYN Flag: No
		RST Flag: No
		FIN Flag: No
		ACK Flag: Yes
		Window Size: 358
		Checksum: Correct (0xbb7e)

Packet number: 53  Packet Len: 215

	Ethernet Header
		Dest MAC: ff:ff:ff:ff:ff:ff
		Source MAC: dc:ef:9:a8:b0:17
		Type: IP

	IP Header
		IP Version: 4
		Header Len (bytes): 20
		TOS subfields:
		   Diffserv bits: 0
		   ECN bits: 0
		TTL: 64
		Protocol: UDP
		Checksum: Correct (0x787b)
		Sender IP: 192.168.1.1
		Dest IP: 255.255.255.255

	UDP Header
		Source Port:  54776
		Dest Port:  7423

Packet number: 54  Packet Len: 92

	Ethernet Header
		Dest MAC: ff:ff:ff:ff:ff:ff
		Source MAC: 78:ca:39:b0:7b:ac
		Type: IP

	IP Header
		IP Version: 4
		Header Len (bytes): 20
		TOS subfields:
		   Diffserv bits: 0
		   ECN bits: 0
		TTL: 64
		Protocol: UDP
		Checksum: Correct (0x8342)
		Sender IP: 192.168.1.7
		Dest IP: 192.168.1.255

	UDP Header
		Source Port:  137
		Dest Port:  137

Packet number: 55  Packet Len: 86

	Ethernet Header
		Dest MAC: ff:ff:ff:ff:ff:ff
		Source MAC: 28:cf:da:d7:a9:b0
		Type: IP

	IP Header
		IP Version: 4
		Header Len (bytes): 20
		TOS subfields:
		   Diffserv bits: 0
		   ECN bits: 0
		TTL: 64
		Protocol: UDP
		Checksum: Correct (0xa4a3)
		Sender IP: 192.168.1.8
		Dest IP: 192.168.1.255

	UDP Header
		Source Port:  57621
		Dest Port:  57621

Packet number: 56  Packet Len: 54

	Ethernet Header
		Dest MAC: dc:ef:9:a8:b0:17
		Source MAC: 28:cf:da:d7:a9:b0
		Type: IP

	IP Header
		IP Version: 4
		Header Len (bytes): 20
		TOS subfields:
		   Diffserv bits: 0
		   ECN bits: 0
		TTL: 64
		Protocol: TCP
		Checksum: Correct (0xfc2f)
		Sender IP: 192.168.1.8
		Dest IP: 74.125.196.100

	TCP Header
		Source Port:  58434
		Dest Port:  443
		Sequence Number: 238809327
		ACK Number: 3171434938
		Data Offset (bytes): 20
		SYN Flag: No
		RST Flag: No
		FIN Flag: No
		ACK Flag: Yes
		Window Size: 4096
		Checksum: Correct (0xeb56)

Packet number: 57  Packet Len: 97

	Ethernet Header
		Dest MAC: 28:cf:da:d7:a9:b0
		Source MAC: dc:ef:9:a8:b0:17
		Type: IP

	IP Header
		IP Version: 4
		Header Len (bytes): 20
		TOS subfields:
		   Diffserv bits: 0
		   ECN bits: 0
		TTL: 55
		Protocol: TCP
		Checksum: Correct (0x12e9)
		Sender IP: 192.30.252.92
		Dest IP: 192.168.1.8

	TCP Header
		Source Port:  443
		Dest Port:  58209
		Sequence Number: 3917516104
		ACK Number: 3259265549
		Data Offset (bytes): 32
		SYN Flag: No
		RST Flag: No
		FIN Flag: No
		ACK Flag: Yes
		Window Size: 17
		Checksum: Correct (0x5bbc)

Packet number: 58  Packet Len: 66

	Ethernet Header
		Dest MAC: dc:ef:9:a8:b0:17
		Source MAC: 28:cf:da:d7:a9:b0
		Type: IP

	IP Header
		IP Version: 4
		Header Len (bytes): 20
		TOS subfields:
		   Diffserv bits: 0
		   ECN bits: 0
		TTL: 64
		Protocol: TCP
		Checksum: Correct (0x4fa3)
		Sender IP: 192.168.1.8
		Dest IP: 192.30.252.92

	TCP Header
		Source Port:  58209
		Dest Port:  443
		Sequence Number: 3259265549
		ACK Number: 3917516135
		Data Offset (bytes): 32
		SYN Flag: No
		RST Flag: No
		FIN Flag: No
		ACK Flag: Yes
		Window Size: 4095
		Checksum: Correct (0x6b9b)

Packet number: 59  Packet Len: 101

	Ethernet Header
		Dest MAC: dc:ef:9:a8:b0:17
		Source MAC: 28:cf:da:d7:a9:b0
		Type: IP

	IP Header
		IP Version: 4
		Header Len (bytes): 20
		TOS subfields:
		   Diffserv bits: 0
		   ECN bits: 0
		TTL: 64
		Protocol: TCP
		Checksum: Correct (0x344b)
		Sender IP: 192.168.1.8
		Dest IP: 192.30.252.92

	TCP Header
		Source Port:  58209
		Dest Port:  443
		Sequence Number: 3259265549
		ACK Number: 3917516135
		Data Offset (bytes): 32
		SYN Flag: No
		RST Flag: No
		FIN Flag: No
		ACK Flag: Yes
		Window Size: 4096
		Checksum: Correct (0xcbfc)

Packet number: 60  Packet Len: 66

	Ethernet Header
		Dest MAC: 28:cf:da:d7:a9:b0
		Source MAC: dc:ef:9:a8:b0:17
		Type: IP

	IP Header
		IP Version: 4
		Header Len (bytes): 20
		TOS subfields:
		   Diffserv bits: 0
		   ECN bits: 0
		TTL: 38
		Protocol: TCP
		Checksum: Correct (0xbbf3)
		Sender IP: 74.125.196.100
		Dest IP: 192.168.1.8

	TCP Header
		Source Port:  443
		Dest Port:  58434
		Sequence Number: 3171434938
		ACK Number: 238809328
		Data Offset (bytes): 32
		SYN Flag: No
		RST Flag: No
		FIN Flag: No
		ACK Flag: Yes
		Window Size: 402
		Checksum: Correct (0x4386)

Packet number: 61  Packet Len: 66

	Ethernet Header
		Dest MAC: 28:cf:da:d7:a9:b0
		Source MAC: dc:ef:9:a8:b0:17
		Type: IP

	IP Header
		IP Version: 4
		Header Len (bytes): 20
		TOS subfields:
		   Diffserv bits: 0
		   ECN bits: 0
		TTL: 55
		Protocol: TCP
		Checksum: Correct (0x1307)
		Sender IP: 192.30.252.92
		Dest IP: 192.168.1.8

	TCP Header
		Source Port:  443
		Dest Port:  58209
		Sequence Number: 3917516135
		ACK Number: 3259265584
		Data Offset (bytes): 32
		SYN Flag: No
		RST Flag: No
		FIN Flag: No
		ACK Flag: Yes
		Window Size: 17
		Checksum: Correct (0x7b51)

Packet number: 62  Packet Len: 92

	Ethernet Header
		Dest MAC: ff:ff:ff:ff:ff:ff
		Source MAC: 78:ca:39:b0:7b:ac
		Type: IP

	IP Header
		IP Version: 4
		Header Len (bytes): 20
		TOS subfields:
		   Diffserv bits: 0
		   ECN bits: 0
		TTL: 64
		Protocol: UDP
		Checksum: Correct (0x18e9)
		Sender IP: 192.168.1.7
		Dest IP: 192.168.1.255

	UDP Header
		Source Port:  137
		Dest Port:  137

Packet number: 63  Packet Len: 60

	Ethernet Header
		Dest MAC: ff:ff:ff:ff:ff:ff
		Source MAC: dc:ef:9:a8:b0:17
		Type: ARP

	ARP header
		Opcode: Request
		Sender MAC: dc:ef:9:a8:b0:17
		Sender IP: 192.168.1.1
		Target MAC: 0:0:0:0:0:0
		Target IP: 192.168.1.10


Packet number: 64  Packet Len: 60

	Ethernet Header
		Dest MAC: ff:ff:ff:ff:ff:ff
		Source MAC: dc:ef:9:a8:b0:17
		Type: ARP

	ARP header
		Opcode: Request
		Sender MAC: dc:ef:9:a8:b0:17
		Sender IP: 192.168.1.1
		Target MAC: 0:0:0:0:0:0
		Target IP: 192.168.1.3


Packet number: 65  Packet Len: 60

	Ethernet Header
		Dest MAC: ff:ff:ff:ff:ff:ff
		Source MAC: dc:ef:9:a8:b0:17
		Type: ARP

	ARP header
		Opcode: Request
		Sender MAC: dc:ef:9:a8:b0:17
		Sender IP: 192.168.1.1
		Target MAC: 0:0:0:0:0:0
		Target IP: 192.168.1.6


Packet number: 66  Packet Len: 60

	Ethernet Header
		Dest MAC: ff:ff:ff:ff:ff:ff
		Source MAC: dc:ef:9:a8:b0:17
		Type: ARP

	ARP header
		Opcode: Request
		Sender MAC: dc:ef:9:a8:b0:17
		Sender IP: 192.168.1.1
		Target MAC: 0:0:0:0:0:0
		Target IP: 192.168.1.5


Packet number: 67  Packet Len: 60

	Ethernet Header
		Dest MAC: ff:ff:ff:ff:ff:ff
		Source MAC: dc:ef:9:a8:b0:17
		Type: ARP

	ARP header
		Opcode: Request
		Sender MAC: dc:ef:9:a8:b0:17
		Sender IP: 192.168.1.1
		Target MAC: 0:0:0:0:0:0
		Target IP: 192.168.1.2


Packet number: 68  Packet Len: 60

	Ethernet Header
		Dest MAC: ff:ff:ff:ff:ff:ff
		Source MAC: dc:ef:9:a8:b0:17
		Type: ARP

	ARP header
		Opcode: Request
		Sender MAC: dc:ef:9:a8:b0:17
		Sender IP: 192.168.1.1
		Target MAC: 0:0:0:0:0:0
		Target IP: 192.168.1.9


Packet number: 69  Packet Len: 60

	Ethernet Header
		Dest MAC: ff:ff:ff:ff:ff:ff
		Source MAC: dc:ef:9:a8:b0:17
		Type: ARP

	ARP header
		Opcode: Request
		Sender MAC: dc:ef:9:a8:b0:17
		Sender IP: 192.168.1.1
		Target MAC: 0:0:0:0:0:0
		Target IP: 192.168.1.4


Packet number: 70  Packet Len: 60

	Ethernet Header
		Dest MAC: ff:ff:ff:ff:ff:ff
		Source MAC: dc:ef:9:a8:b0:17
		Type: ARP

	ARP header
		Opcode: Request
		Sender MAC: dc:ef:9:a8:b0:17
		Sender IP: 192.168.1.1
		Target MAC: 0:0:0:0:0:0
		Target IP: 192.168.1.7


Packet number: 71  Packet Len: 60

	Ethernet Header
		Dest MAC: ff:ff:ff:ff:ff:ff
		Source MAC: dc:ef:9:a8:b0:17
		Type: ARP

	ARP header
		Opcode: Request
		Sender MAC: dc:ef:9:a8:b0:17
		Sender IP: 192.168.1.1
		Target MAC: 0:0:0:0:0:0
		Target IP: 192.168.1.12


Packet number: 72  Packet Len: 60

	Ethernet Header
		Dest MAC: ff:ff:ff:ff:ff:ff
		Source MAC: dc:ef:9:a8:b0:17
		Type: ARP

	ARP header
		Opcode: Request
		Sender MAC: dc:ef:9:a8:b0:17
		Sender IP: 192.168.1.1
		Target MAC: 0:0:0:0:0:0
		Target IP: 192.168.1.14


Packet number: 73  Packet Len: 58

	Ethernet Header
		Dest MAC: ff:ff:ff:ff:ff:ff
		Source MAC: 7c:d1:c3:9a:f1:ee
		Type: IP

	IP Header
		IP Version: 4
		Header Len (bytes): 20
		TOS subfields:
		   Diffserv bits: 0
		   ECN bits: 0
		TTL: 64
		Protocol: UDP
		Checksum: Correct (0x2f4e)
		Sender IP: 192.168.1.10
		Dest IP: 192.168.1.255

	UDP Header
		Source Port:  61479
		Dest Port:  8612

Packet number: 74  Packet Len: 58

	Ethernet Header
		Dest MAC: 1:0:5e:0:0:1
		Source MAC: 7c:d1:c3:9a:f1:ee
		Type: IP

	IP Header
		IP Version: 4
		Header Len (bytes): 20
		TOS subfields:
		   Diffserv bits: 0
		   ECN bits: 0
		TTL: 1
		Protocol: UDP
		Checksum: Correct (0xe31e)
		Sender IP: 192.168.1.10
		Dest IP: 224.0.0.1

	UDP Header
		Source Port:  52350
		Dest Port:  8612

Packet number: 75  Packet Len: 60

	Ethernet Header
		Dest MAC: ff:ff:ff:ff:ff:ff
		Source MAC: dc:ef:9:a8:b0:17
		Type: ARP

	ARP header
		Opcode: Request
		Sender MAC: dc:ef:9:a8:b0:17
		Sender IP: 192.168.1.1
		Target MAC: 0:0:0:0:0:0
		Target IP: 192.168.1.10


Packet number: 76  Packet Len: 60

	Ethernet Header
		Dest MAC: ff:ff:ff:ff:ff:ff
		Source MAC: dc:ef:9:a8:b0:17
		Type: ARP

	ARP header
		Opcode: Request
		Sender MAC: dc:ef:9:a8:b0:17
		Sender IP: 192.168.1.1
		Target MAC: 0:0:0:0:0:0
		Target IP: 192.168.1.3


Packet number: 77  Packet Len: 60

	Ethernet Header
		Dest MAC: ff:ff:ff:ff:ff:ff
		Source MAC: dc:ef:9:a8:b0:17
		Type: ARP

	ARP header
		Opcode: Request
		Sender MAC: dc:ef:9:a8:b0:17
		Sender IP: 192.168.1.1
		Target MAC: 0:0:0:0:0:0
		Target IP: 192.168.1.6


Packet number: 78  Packet Len: 60

	Ethernet Header
		Dest MAC: ff:ff:ff:ff:ff:ff
		Source MAC: dc:ef:9:a8:b0:17
		Type: ARP

	ARP header
		Opcode: Request
		Sender MAC: dc:ef:9:a8:b0:17
		Sender IP: 192.168.1.1
		Target MAC: 0:0:0:0:0:0
		Target IP: 192.168.1.5


Packet number: 79  Packet Len: 60

	Ethernet Header
		Dest MAC: ff:ff:ff:ff:ff:ff
		Source MAC: dc:ef:9:a8:b0:17
		Type: ARP

	ARP header
		Opcode: Request
		Sender MAC: dc:ef:9:a8:b0:17
		Sender IP: 192.168.1.1
		Target MAC: 0:0:0:0:0:0
		Target IP: 192.168.1.2


Packet number: 80  Packet Len: 60

	Ethernet Header
		Dest MAC: ff:ff:ff:ff:ff:ff
		Source MAC: dc:ef:9:a8:b0:17
		Type: ARP

	ARP header
		Opcode: Request
		Sender MAC: dc:ef:9:a8:b0:17
		Sender IP: 192.168.1.1
		Target MAC: 0:0:0:0:0:0
		Target IP: 192.168.1.9


Packet number: 81  Packet Len: 60

	Ethernet Header
		Dest MAC: ff:ff:ff:ff:ff:ff
		Source MAC: dc:ef:9:a8:b0:17
		Type: ARP

	ARP header
		Opcode: Request
		Sender MAC: dc:ef:9:a8:b0:17
		Sender IP: 192.168.1.1
		Target MAC: 0:0:0:0:0:0
		Target IP: 192.168.1.4


Packet number: 82  Packet Len: 60

	Ethernet Header
		Dest MAC: ff:ff:ff:ff:ff:ff
		Source MAC: dc:ef:9:a8:b0:17
		Type: ARP

	ARP header
		Opcode: Request
		Sender MAC: dc:ef:9:a8:b0:17
		Sender IP: 192.168.1.1
		Target MAC: 0:0:0:0:0:0
		Target IP: 192.168.1.7


Packet number: 83  Packet Len: 60

	Ethernet Header
		Dest MAC: ff:ff:ff:ff:ff:ff
		Source MAC: dc:ef:9:a8:b0:17
		Type: ARP

	ARP header
		Opcode: Request
		Sender MAC: dc:ef:9:a8:b0:17
		Sender IP: 192.168.1.1
		Target MAC: 0:0:0:0:0:0
		Target IP: 192.168.1.12


Packet number: 84  Packet Len: 60

	Ethernet Header
		Dest MAC: ff:ff:ff:ff:ff:ff
		Source MAC: dc:ef:9:a8:b0:17
		Type: ARP

	ARP header
		Opcode: Request
		Sender MAC: dc:ef:9:a8:b0:17
		Sender IP: 192.168.1.1
		Target MAC: 0:0:0:0:0:0
		Target IP: 192.168.1.14


Packet number: 85  Packet Len: 215

	Ethernet Header
		Dest MAC: ff:ff:ff:ff:ff:ff
		Source MAC: dc:ef:9:a8:b0:17
		Type: IP

	IP Header
		IP Version: 4
		Header Len (bytes): 20
		TOS subfields:
		   Diffserv bits: 0
		   ECN bits: 0
		TTL: 64
		Protocol: UDP
		Checksum: Correct (0x787b)
		Sender IP: 192.168.1.1
		Dest IP: 255.255.255.255

	UDP Header
		Source Port:  54776
		Dest Port:  7423

Packet number: 86  Packet Len: 60

	Ethernet Header
		Dest MAC: ff:ff:ff:ff:ff:ff
		Source MAC: dc:ef:9:a8:b0:17
		Type: ARP

	ARP header
		Opcode: Request
		Sender MAC: dc:ef:9:a8:b0:17
		Sender IP: 192.168.1.1
		Target MAC: 0:0:0:0:0:0
		Target IP: 192.168.1.10


Packet number: 87  Packet Len: 60

	Ethernet Header
		Dest MAC: ff:ff:ff:ff:ff:ff
		Source MAC: dc:ef:9:a8:b0:17
		Type: ARP

	ARP header
		Opcode: Request
		Sender MAC: dc:ef:9:a8:b0:17
		Sender IP: 192.168.1.1
		Target MAC: 0:0:0:0:0:0
		Target IP: 192.168.1.8


Packet number: 88  Packet Len: 42

	Ethernet Header
		Dest MAC: dc:ef:9:a8:b0:17
		Source MAC: 28:cf:da:d7:a9:b0
		Type: ARP

	ARP header
		Opcode: Reply
		Sender MAC: 28:cf:da:d7:a9:b0
		Sender IP: 192.168.1.8
		Target MAC: dc:ef:9:a8:b0:17
		Target IP: 192.168.1.1


Packet number: 89  Packet Len: 60

	Ethernet Header
		Dest MAC: ff:ff:ff:ff:ff:ff
		Source MAC: dc:ef:9:a8:b0:17
		Type: ARP

	ARP header
		Opcode: Request
		Sender MAC: dc:ef:9:a8:b0:17
		Sender IP: 192.168.1.1
		Target MAC: 0:0:0:0:0:0
		Target IP: 192.168.1.3


Packet number: 90  Packet Len: 60

	Ethernet Header
		Dest MAC: ff:ff:ff:ff:ff:ff
		Source MAC: dc:ef:9:a8:b0:17
		Type: ARP

	ARP header
		Opcode: Request
		Sender MAC: dc:ef:9:a8:b0:17
		Sender IP: 192.168.1.1
		Target MAC: 0:0:0:0:0:0
		Target IP: 192.168.1.6


Packet number: 91  Packet Len: 60

	Ethernet Header
		Dest MAC: ff:ff:ff:ff:ff:ff
		Source MAC: dc:ef:9:a8:b0:17
		Type: ARP

	ARP header
		Opcode: Request
		Sender MAC: dc:ef:9:a8:b0:17
		Sender IP: 192.168.1.1
		Target MAC: 0:0:0:0:0:0
		Target IP: 192.168.1.5


Packet number: 92  Packet Len: 60

	Ethernet Header
		Dest MAC: ff:ff:ff:ff:ff:ff
		Source MAC: dc:ef:9:a8:b0:17
		Type: ARP

	ARP header
		Opcode: Request
		Sender MAC: dc:ef:9:a8:b0:17
		Sender IP: 192.168.1.1
		Target MAC: 0:0:0:0:0:0
		Target IP: 192.168.1.2


Packet number: 93  Packet Len: 60

	Ethernet Header
		Dest MAC: ff:ff:ff:ff:ff:ff
		Source MAC: dc:ef:9:a8:b0:17
		Type: ARP

	ARP header
		Opcode: Request
		Sender MAC: dc:ef:9:a8:b0:17
		Sender IP: 192.168.1.1
		Target MAC: 0:0:0:0:0:0
		Target IP: 192.168.1.9


Packet number: 94  Packet Len: 60

	Ethernet Header
		Dest MAC: ff:ff:ff:ff:ff:ff
		Source MAC: dc:ef:9:a8:b0:17
		Type: ARP

	ARP header
		Opcode: Request
		Sender MAC: dc:ef:9:a8:b0:17
		Sender IP: 192.168.1.1
		Target MAC: 0:0:0:0:0:0
		Target IP: 192.168.1.4


Packet number: 95  Packet Len: 60

	Ethernet Header
		Dest MAC: ff:ff:ff:ff:ff:ff
		Source MAC: dc:ef:9:a8:b0:17
		Type: ARP

	ARP header
		Opcode: Request
		Sender MAC: dc:ef:9:a8:b0:17
		Sender IP: 192.168.1.1
		Target MAC: 0:0:0:0:0:0
		Target IP: 192.168.1.7


Packet number: 96  Packet Len: 60

	Ethernet Header
		Dest MAC: ff:ff:ff:ff:ff:ff
		Source MAC: dc:ef:9:a8:b0:17
		Type: ARP

	ARP header
		Opcode: Request
		Sender MAC: dc:ef:9:a8:b0:17
		Sender IP: 192.168.1.1
		Target MAC: 0:0:0:0:0:0
		Target IP: 192.168.1.12


Packet number: 97  Packet Len: 60

	Ethernet Header
		Dest MAC: ff:ff:ff:ff:ff:ff
		Source MAC: dc:ef:9:a8:b0:17
		Type: ARP

	ARP header
		Opcode: Request
		Sender MAC: dc:ef:9:a8:b0:17
		Sender IP: 192.168.1.1
		Target MAC: 0:0:0:0:0:0
		Target IP: 192.168.1.14


Packet number: 98  Packet Len: 217

	Ethernet Header
		Dest MAC: 1:0:5e:7f:ff:fa
		Source MAC: 7c:d1:c3:9a:f1:ee
		Type: IP

	IP Header
		IP Version: 4
		Header Len (bytes): 20
		TOS subfields:
		   Diffserv bits: 0
		   ECN bits: 0
		TTL: 1
		Protocol: UDP
		Checksum: Correct (0x742a)
		Sender IP: 192.168.1.10
		Dest IP: 239.255.255.250

	UDP Header
		Source Port:  53553
		Dest Port:  1900

Packet number: 99  Packet Len: 92

	Ethernet Header
		Dest MAC: 28:cf:da:d7:a9:b0
		Source MAC: dc:ef:9:a8:b0:17
		Type: IP

	IP Header
		IP Version: 4
		Header Len (bytes): 20
		TOS subfields:
		   Diffserv bits: 0
		   ECN bits: 0
		TTL: 64
		Protocol: UDP
		Checksum: Correct (0xb745)
		Sender IP: 192.168.1.1
		Dest IP: 192.168.1.8

	UDP Header
		Source Port:  53641
		Dest Port:  137

Packet number: 100  Packet Len: 163

	Ethernet Header
		Dest MAC: dc:ef:9:a8:b0:17
		Source MAC: 28:cf:da:d7:a9:b0
		Type: IP

	IP Header
		IP Version: 4
		Header Len (bytes): 20
		TOS subfields:
		   Diffserv bits: 0
		   ECN bits: 0
		TTL: 64
		Protocol: UDP
		Checksum: Correct (0x4445)
		Sender IP: 192.168.1.8
		Dest IP: 192.168.1.1

	UDP Header
		Source Port:  137
		Dest Port:  53641

Packet number: 101  Packet Len: 191

	Ethernet Header
		Dest MAC: 28:cf:da:d7:a9:b0
		Source MAC: dc:ef:9:a8:b0:17
		Type: IP

	IP Header
		IP Version: 4
		Header Len (bytes): 20
		TOS subfields:
		   Diffserv bits: 48
		   ECN bits: 0
		TTL: 64
		Protocol: ICMP
		Checksum: Correct (0xde57)
		Sender IP: 192.168.1.1
		Dest IP: 192.168.1.8

	ICMP Header
		Type: 3
