
Packet number: 1  Packet Len: 54

	Ethernet Header
		Dest MAC: dc:ef:9:a8:b0:17
		Source MAC: 28:cf:da:d7:a9:b0
		Type: IP

	IP Header
		IP Version: 4
		Header Len (bytes): 20
		TOS subfields:
		   Diffserv bits: 0
		   ECN bits: 0
		TTL: 64
		Protocol: TCP
		Checksum: Correct (0xcff1)
		Sender IP: 192.168.1.8
		Dest IP: 192.30.252.90

	TCP Header
		Source Port:  58194
		Dest Port:  443
		Sequence Number: 3566734573
		ACK Number: 2409090322
		Data Offset (bytes): 20
		SYN Flag: No
		RST Flag: No
		FIN Flag: No
		ACK Flag: Yes
		Window Size: 4096
		Checksum: Correct (0xfe6c)

Packet number: 2  Packet Len: 66

	Ethernet Header
		Dest MAC: 28:cf:da:d7:a9:b0
		Source MAC: dc:ef:9:a8:b0:17
		Type: IP

	IP Header
		IP Version: 4
		Header Len (bytes): 20
		TOS subfields:
		   Diffserv bits: 0
		   ECN bits: 0
		TTL: 55
		Protocol: TCP
		Checksum: Correct (0x5994)
		Sender IP: 192.30.252.90
		Dest IP: 192.168.1.8

	TCP Header
		Source Port:  443
		Dest Port:  58194
		Sequence Number: 2409090322
		ACK Number: 3566734574
		Data Offset (bytes): 32
		SYN Flag: No
		RST Flag: No
		FIN Flag: No
		ACK Flag: Yes
		Window Size: 31
		Checksum: Correct (0xd22b)

Packet number: 3  Packet Len: 215

	Ethernet Header
		Dest MAC: ff:ff:ff:ff:ff:ff
		Source MAC: dc:ef:9:a8:b0:17
		Type: IP

	IP Header
		IP Version: 4
		Header Len (bytes): 20
		TOS subfields:
		   Diffserv bits: 0
		   ECN bits: 0
		TTL: 64
		Protocol: UDP
		Checksum: Correct (0x787b)
		Sender IP: 192.168.1.1
		Dest IP: 255.255.255.255

	UDP Header
		Source Port:  54776
		Dest Port:  7423

Packet number: 4  Packet Len: 60

	Ethernet Header
		Dest MAC: ff:ff:ff:ff:ff:ff
		Source MAC: dc:ef:9:a8:b0:17
		Type: ARP

	ARP header
		Opcode: Request
		Sender MAC: dc:ef:9:a8:b0:17
		Sender IP: 192.168.1.1
		Target MAC: 0:0:0:0:0:0
		Target IP: 192.168.1.10


Packet number: 5  Packet Len: 60

	Ethernet Header
		Dest MAC: ff:ff:ff:ff:ff:ff
		Source MAC: dc:ef:9:a8:b0:17
		Type: ARP

	ARP header
		Opcode: Request
		Sender MAC: dc:ef:9:a8:b0:17
		Sender IP: 192.168.1.1
		Target MAC: 0:0:0:0:0:0
		Target IP: 192.168.1.8


Packet number: 6  Packet Len: 60

	Ethernet Header
		Dest MAC: ff:ff:ff:ff:ff:ff
		Source MAC: dc:ef:9:a8:b0:17
		Type: ARP

	ARP header
		Opcode: Request
		Sender MAC: dc:ef:9:a8:b0:17
		Sender IP: 192.168.1.1
		Target MAC: 0:0:0:0:0:0
		Target IP: 192.168.1.3


Packet number: 7  Packet Len: 42

	Ethernet Header
		Dest MAC: dc:ef:9:a8:b0:17
		Source MAC: 28:cf:da:d7:a9:b0
		Type: ARP

	ARP header
		Opcode: Reply
		Sender MAC: 28:cf:da:d7:a9:b0
		Sender IP: 192.168.1.8
		Target MAC: dc:ef:9:a8:b0:17
		Target IP: 192.168.1.1


Packet number: 8  Packet Len: 60

	Ethernet Header
		Dest MAC: ff:ff:ff:ff:ff:ff
		Source MAC: dc:ef:9:a8:b0:17
		Type: ARP

	ARP header
		Opcode: Request
		Sender MAC: dc:ef:9:a8:b0:17
		Sender IP: 192.168.1.1
		Target MAC: 0:0:0:0:0:0
		Target IP: 192.168.1.5


Packet number: 9  Packet Len: 60

	Ethernet Header
		Dest MAC: ff:ff:ff:ff:ff:ff
		Source MAC: dc:ef:9:a8:b0:17
		Type: ARP

	ARP header
		Opcode: Request
		Sender MAC: dc:ef:9:a8:b0:17
		Sender IP: 192.168.1.1
		Target MAC: 0:0:0:0:0:0
		Target IP: 192.168.1.2


Packet number: 10  Packet Len: 60

	Ethernet Header
		Dest MAC: ff:ff:ff:ff:ff:ff
		Source MAC: dc:ef:9:a8:b0:17
		Type: ARP

	ARP header
		Opcode: Request
		Sender MAC: dc:ef:9:a8:b0:17
		Sender IP: 192.168.1.1
		Target MAC: 0:0:0:0:0:0
		Target IP: 192.168.1.9


Packet number: 11  Packet Len: 60

	Ethernet Header
		Dest MAC: ff:ff:ff:ff:ff:ff
		Source MAC: dc:ef:9:a8:b0:17
		Type: ARP

	ARP header
		Opcode: Request
		Sender MAC: dc:ef:9:a8:b0:17
		Sender IP: 192.168.1.1
		Target MAC: 0:0:0:0:0:0
		Target IP: 192.168.1.4


Packet number: 12  Packet Len: 60

	Ethernet Header
		Dest MAC: ff:ff:ff:ff:ff:ff
		Source MAC: dc:ef:9:a8:b0:17
		Type: ARP

	ARP header
		Opcode: Request
		Sender MAC: dc:ef:9:a8:b0:17
		Sender IP: 192.168.1.1
		Target MAC: 0:0:0:0:0:0
		Target IP: 192.168.1.12


Packet number: 13  Packet Len: 60

	Ethernet Header
		Dest MAC: ff:ff:ff:ff:ff:ff
		Source MAC: dc:ef:9:a8:b0:17
		Type: ARP

	ARP header
		Opcode: Request
		Sender MAC: dc:ef:9:a8:b0:17
		Sender IP: 192.168.1.1
		Target MAC: 0:0:0:0:0:0
		Target IP: 192.168.1.14


Packet number: 14  Packet Len: 60

	Ethernet Header
		Dest MAC: ff:ff:ff:ff:ff:ff
		Source MAC: dc:ef:9:a8:b0:17
		Type: ARP

	ARP header
		Opcode: Request
		Sender MAC: dc:ef:9:a8:b0:17
		Sender IP: 192.168.1.1
		Target MAC: 0:0:0:0:0:0
		Target IP: 192.168.1.10


Packet number: 15  Packet Len: 60

	Ethernet Header
		Dest MAC: ff:ff:ff:ff:ff:ff
		Source MAC: dc:ef:9:a8:b0:17
		Type: ARP

	ARP header
		Opcode: Request
		Sender MAC: dc:ef:9:a8:b0:17
		Sender IP: 192.168.1.1
		Target MAC: 0:0:0:0:0:0
		Target IP: 192.168.1.8


Packet number: 16  Packet Len: 42

	Ethernet Header
		Dest MAC: dc:ef:9:a8:b0:17
		Source MAC: 28:cf:da:d7:a9:b0
		Type: ARP

	ARP header
		Opcode: Reply
		Sender MAC: 28:cf:da:d7:a9:b0
		Sender IP: 192.168.1.8
		Target MAC: dc:ef:9:a8:b0:17
		Target IP: 192.168.1.1


Packet number: 17  Packet Len: 60

	Ethernet Header
		Dest MAC: ff:ff:ff:ff:ff:ff
		Source MAC: dc:ef:9:a8:b0:17
		Type: ARP

	ARP header
		Opcode: Request
		Sender MAC: dc:ef:9:a8:b0:17
		Sender IP: 192.168.1.1
		Target MAC: 0:0:0:0:0:0
		Target IP: 192.168.1.6


Packet number: 18  Packet Len: 60

	Ethernet Header
		Dest MAC: ff:ff:ff:ff:ff:ff
		Source MAC: dc:ef:9:a8:b0:17
		Type: ARP

	ARP header
		Opcode: Request
		Sender MAC: dc:ef:9:a8:b0:17
		Sender IP: 192.168.1.1
		Target MAC: 0:0:0:0:0:0
		Target IP: 192.168.1.5


Packet number: 19  Packet Len: 60

	Ethernet Header
		Dest MAC: ff:ff:ff:ff:ff:ff
		Source MAC: dc:ef:9:a8:b0:17
		Type: ARP

	ARP header
		Opcode: Request
		Sender MAC: dc:ef:9:a8:b0:17
		Sender IP: 192.168.1.1
		Target MAC: 0:0:0:0:0:0
		Target IP: 192.168.1.2


Packet number: 20  Packet Len: 60

	Ethernet Header
		Dest MAC: ff:ff:ff:ff:ff:ff
		Source MAC: dc:ef:9:a8:b0:17
		Type: ARP

	ARP header
		Opcode: Request
		Sender MAC: dc:ef:9:a8:b0:17
		Sender IP: 192.168.1.1
		Target MAC: 0:0:0:0:0:0
		Target IP: 192.168.1.9


Packet number: 21  Packet Len: 60

	Ethernet Header
		Dest MAC: ff:ff:ff:ff:ff:ff
		Source MAC: dc:ef:9:a8:b0:17
		Type: ARP

	ARP header
		Opcode: Request
		Sender MAC: dc:ef:9:a8:b0:17
		Sender IP: 192.168.1.1
		Target MAC: 0:0:0:0:0:0
		Target IP: 192.168.1.4


Packet number: 22  Packet Len: 60

	Ethernet Header
		Dest MAC: ff:ff:ff:ff:ff:ff
		Source MAC: dc:ef:9:a8:b0:17
		Type: ARP

	ARP header
		Opcode: Request
		Sender MAC: dc:ef:9:a8:b0:17
		Sender IP: 192.168.1.1
		Target MAC: 0:0:0:0:0:0
		Target IP: 192.168.1.12


Packet number: 23  Packet Len: 60

	Ethernet Header
		Dest MAC: ff:ff:ff:ff:ff:ff
		Source MAC: dc:ef:9:a8:b0:17
		Type: ARP

	ARP header
		Opcode: Request
		Sender MAC: dc:ef:9:a8:b0:17
		Sender IP: 192.168.1.1
		Target MAC: 0:0:0:0:0:0
		Target IP: 192.168.1.14


Packet number: 24  Packet Len: 60

	Ethernet Header
		Dest MAC: ff:ff:ff:ff:ff:ff
		Source MAC: dc:ef:9:a8:b0:17
		Type: ARP

	ARP header
		Opcode: Request
		Sender MAC: dc:ef:9:a8:b0:17
		Sender IP: 192.168.1.1
		Target MAC: 0:0:0:0:0:0
		Target IP: 192.168.1.10


Packet number: 25  Packet Len: 60

	Ethernet Header
		Dest MAC: ff:ff:ff:ff:ff:ff
		Source MAC: dc:ef:9:a8:b0:17
		Type: ARP

	ARP header
		Opcode: Request
		Sender MAC: dc:ef:9:a8:b0:17
		Sender IP: 192.168.1.1
		Target MAC: 0:0:0:0:0:0
		Target IP: 192.168.1.3


Packet number: 26  Packet Len: 60

	Ethernet Header
		Dest MAC: ff:ff:ff:ff:ff:ff
		Source MAC: dc:ef:9:a8:b0:17
		Type: ARP

	ARP header
		Opcode: Request
		Sender MAC: dc:ef:9:a8:b0:17
		Sender IP: 192.168.1.1
		Target MAC: 0:0:0:0:0:0
		Target IP: 192.168.1.6


Packet number: 27  Packet Len: 60

	Ethernet Header
		Dest MAC: ff:ff:ff:ff:ff:ff
		Source MAC: dc:ef:9:a8:b0:17
		Type: ARP

	ARP header
		Opcode: Request
		Sender MAC: dc:ef:9:a8:b0:17
		Sender IP: 192.168.1.1
		Target MAC: 0:0:0:0:0:0
		Target IP: 192.168.1.5


Packet number: 28  Packet Len: 60

	Ethernet Header
		Dest MAC: ff:ff:ff:ff:ff:ff
		Source MAC: dc:ef:9:a8:b0:17
		Type: ARP

	ARP header
		Opcode: Request
		Sender MAC: dc:ef:9:a8:b0:17
		Sender IP: 192.168.1.1
		Target MAC: 0:0:0:0:0:0
		Target IP: 192.168.1.2


Packet number: 29  Packet Len: 60

	Ethernet Header
		Dest MAC: ff:ff:ff:ff:ff:ff
		Source MAC: dc:ef:9:a8:b0:17
		Type: ARP

	ARP header
		Opcode: Request
		Sender MAC: dc:ef:9:a8:b0:17
		Sender IP: 192.168.1.1
		Target MAC: 0:0:0:0:0:0
		Target IP: 192.168.1.9


Packet number: 30  Packet Len: 60

	Ethernet Header
		Dest MAC: ff:ff:ff:ff:ff:ff
		Source MAC: dc:ef:9:a8:b0:17
		Type: ARP

	ARP header
		Opcode: Request
		Sender MAC: dc:ef:9:a8:b0:17
		Sender IP: 192.168.1.1
		Target MAC: 0:0:0:0:0:0
		Target IP: 192.168.1.4


Packet number: 31  Packet Len: 60

	Ethernet Header
		Dest MAC: ff:ff:ff:ff:ff:ff
		Source MAC: dc:ef:9:a8:b0:17
		Type: ARP

	ARP header
		Opcode: Request
		Sender MAC: dc:ef:9:a8:b0:17
		Sender IP: 192.168.1.1
		Target MAC: 0:0:0:0:0:0
		Target IP: 192.168.1.12


Packet number: 32  Packet Len: 60

	Ethernet Header
		Dest MAC: ff:ff:ff:ff:ff:ff
		Source MAC: dc:ef:9:a8:b0:17
		Type: ARP

	ARP header
		Opcode: Request
		Sender MAC: dc:ef:9:a8:b0:17
		Sender IP: 192.168.1.1
		Target MAC: 0:0:0:0:0:0
		Target IP: 192.168.1.14


Packet number: 33  Packet Len: 84

	Ethernet Header
		Dest MAC: 33:33:0:1:0:3
		Source MAC: 9c:4e:36:17:94:a0
		Type: Unknown


Packet number: 34  Packet Len: 64

	Ethernet Header
		Dest MAC: 1:0:5e:0:0:fc
		Source MAC: 9c:4e:36:17:94:a0
		Type: IP

	IP Header
		IP Version: 4
		Header Len (bytes): 20
		TOS subfields:
		   Diffserv bits: 0
		   ECN bits: 0
		TTL: 1
		Protocol: UDP
		Checksum: Correct (0xe4ea)
		Sender IP: 192.168.1.9
		Dest IP: 224.0.0.252

	UDP Header
		Source Port:  57771
		Dest Port:  5355

Packet number: 35  Packet Len: 342

	Ethernet Header
		Dest MAC: ff:ff:ff:ff:ff:ff
		Source MAC: 9c:4e:36:17:94:a0
		Type: IP

	IP Header
		IP Version: 4
		Header Len (bytes): 20
		TOS subfields:
		   Diffserv bits: 0
		   ECN bits: 0
		TTL: 128
		Protocol: UDP
		Checksum: Correct (0x45d0)
		Sender IP: 192.168.1.9
		Dest IP: 255.255.255.255

	UDP Header
		Source Port:  68
		Dest Port:  67

Packet number: 36  Packet Len: 84

	Ethernet Header
		Dest MAC: 33:33:0:1:0:3
		Source MAC: 9c:4e:36:17:94:a0
		Type: Unknown


Packet number: 37  Packet Len: 64

	Ethernet Header
		Dest MAC: 1:0:5e:0:0:fc
		Source MAC: 9c:4e:36:17:94:a0
		Type: IP

	IP Header
		IP Version: 4
		Header Len (bytes): 20
		TOS subfields:
		   Diffserv bits: 0
		   ECN bits: 0
		TTL: 1
		Protocol: UDP
		Checksum: Correct (0xe4e8)
		Sender IP: 192.168.1.9
		Dest IP: 224.0.0.252

	UDP Header
		Source Port:  57240
		Dest Port:  5355

Packet number: 38  Packet Len: 84

	Ethernet Header
		Dest MAC: 33:33:0:1:0:3
		Source MAC: 9c:4e:36:17:94:a0
		Type: Unknown


Packet number: 39  Packet Len: 64

	Ethernet Header
		Dest MAC: 1:0:5e:0:0:fc
		Source MAC: 9c:4e:36:17:94:a0
		Type: IP

	IP Header
		IP Version: 4
		Header Len (bytes): 20
		TOS subfields:
		   Diffserv bits: 0
		   ECN bits: 0
		TTL: 1
		Protocol: UDP
		Checksum: Correct (0xe4e7)
		Sender IP: 192.168.1.9
		Dest IP: 224.0.0.252

	UDP Header
		Source Port:  57771
		Dest Port:  5355

Packet number: 40  Packet Len: 92

	Ethernet Header
		Dest MAC: 28:cf:da:d7:a9:b0
		Source MAC: dc:ef:9:a8:b0:17
		Type: IP

	IP Header
		IP Version: 4
		Header Len (bytes): 20
		TOS subfields:
		   Diffserv bits: 0
		   ECN bits: 0
		TTL: 64
		Protocol: UDP
		Checksum: Correct (0xb745)
		Sender IP: 192.168.1.1
		Dest IP: 192.168.1.8

	UDP Header
		Source Port:  35208
		Dest Port:  137

Packet number: 41  Packet Len: 163

	Ethernet Header
		Dest MAC: dc:ef:9:a8:b0:17
		Source MAC: 28:cf:da:d7:a9:b0
		Type: IP

	IP Header
		IP Version: 4
		Header Len (bytes): 20
		TOS subfields:
		   Diffserv bits: 0
		   ECN bits: 0
		TTL: 64
		Protocol: UDP
		Checksum: Correct (0xa71a)
		Sender IP: 192.168.1.8
		Dest IP: 192.168.1.1

	UDP Header
		Source Port:  137
		Dest Port:  35208

Packet number: 42  Packet Len: 84

	Ethernet Header
		Dest MAC: 33:33:0:1:0:3
		Source MAC: 9c:4e:36:17:94:a0
		Type: Unknown


Packet number: 43  Packet Len: 64

	Ethernet Header
		Dest MAC: 1:0:5e:0:0:fc
		Source MAC: 9c:4e:36:17:94:a0
		Type: IP

	IP Header
		IP Version: 4
		Header Len (bytes): 20
		TOS subfields:
		   Diffserv bits: 0
		   ECN bits: 0
		TTL: 1
		Protocol: UDP
		Checksum: Correct (0xe4e6)
		Sender IP: 192.168.1.9
		Dest IP: 224.0.0.252

	UDP Header
		Source Port:  57240
		Dest Port:  5355

Packet number: 44  Packet Len: 92

	Ethernet Header
		Dest MAC: ff:ff:ff:ff:ff:ff
		Source MAC: 9c:4e:36:17:94:a0
		Type: IP

	IP Header
		IP Version: 4
		Header Len (bytes): 20
		TOS subfields:
		   Diffserv bits: 0
		   ECN bits: 0
		TTL: 128
		Protocol: UDP
		Checksum: Correct (0x841e)
		Sender IP: 192.168.1.9
		Dest IP: 192.168.1.255

	UDP Header
		Source Port:  137
		Dest Port:  137

Packet number: 45  Packet Len: 92

	Ethernet Header
		Dest MAC: ff:ff:ff:ff:ff:ff
		Source MAC: 9c:4e:36:17:94:a0
		Type: IP

	IP Header
		IP Version: 4
		Header Len (bytes): 20
		TOS subfields:
		   Diffserv bits: 0
		   ECN bits: 0
		TTL: 128
		Protocol: UDP
		Checksum: Correct (0x841d)
		Sender IP: 192.168.1.9
		Dest IP: 192.168.1.255

	UDP Header
		Source Port:  137
		Dest Port:  137

Packet number: 46  Packet Len: 215

	Ethernet Header
		Dest MAC: ff:ff:ff:ff:ff:ff
		Source MAC: dc:ef:9:a8:b0:17
		Type: IP

	IP Header
		IP Version: 4
		Header Len (bytes): 20
		TOS subfields:
		   Diffserv bits: 0
		   ECN bits: 0
		TTL: 64
		Protocol: UDP
		Checksum: Correct (0x787b)
		Sender IP: 192.168.1.1
		Dest IP: 255.255.255.255

	UDP Header
		Source Port:  54776
		Dest Port:  7423

Packet number: 47  Packet Len: 92

	Ethernet Header
		Dest MAC: ff:ff:ff:ff:ff:ff
		Source MAC: 9c:4e:36:17:94:a0
		Type: IP

	IP Header
		IP Version: 4
		Header Len (bytes): 20
		TOS subfields:
		   Diffserv bits: 0
		   ECN bits: 0
		TTL: 128
		Protocol: UDP
		Checksum: Correct (0x841c)
		Sender IP: 192.168.1.9
		Dest IP: 192.168.1.255

	UDP Header
		Source Port:  137
		Dest Port:  137

Packet number: 48  Packet Len: 92

	Ethernet Header
		Dest MAC: ff:ff:ff:ff:ff:ff
		Source MAC: 9c:4e:36:17:94:a0
		Type: IP

	IP Header
		IP Version: 4
		Header Len (bytes): 20
		TOS subfields:
		   Diffserv bits: 0
		   ECN bits: 0
		TTL: 128
		Protocol: UDP
		Checksum: Correct (0x841b)
		Sender IP: 192.168.1.9
		Dest IP: 192.168.1.255

	UDP Header
		Source Port:  137
		Dest Port:  137

Packet number: 49  Packet Len: 92

	Ethernet Header
		Dest MAC: ff:ff:ff:ff:ff:ff
		Source MAC: 9c:4e:36:17:94:a0
		Type: IP

	IP Header
		IP Version: 4
		Header Len (bytes): 20
		TOS subfields:
		   Diffserv bits: 0
		   ECN bits: 0
		TTL: 128
		Protocol: UDP
		Checksum: Correct (0x841a)
		Sender IP: 192.168.1.9
		Dest IP: 192.168.1.255

	UDP Header
		Source Port:  137
		Dest Port:  137

Packet number: 50  Packet Len: 219

	Ethernet Header
		Dest MAC: ff:ff:ff:ff:ff:ff
		Source MAC: 28:cf:da:d7:a9:b0
		Type: IP

	IP Header
		IP Version: 4
		Header Len (bytes): 20
		TOS subfields:
		   Diffserv bits: 0
		   ECN bits: 0
		TTL: 64
		Protocol: UDP
		Checksum: Correct (0x5046)
		Sender IP: 192.168.1.8
		Dest IP: 255.255.255.255

	UDP Header
		Source Port:  17500
		Dest Port:  17500

Packet number: 51  Packet Len: 219

	Ethernet Header
		Dest MAC: ff:ff:ff:ff:ff:ff
		Source MAC: 28:cf:da:d7:a9:b0
		Type: IP

	IP Header
		IP Version: 4
		Header Len (bytes): 20
		TOS subfields:
		   Diffserv bits: 0
		   ECN bits: 0
		TTL: 64
		Protocol: UDP
		Checksum: Correct (0xef31)
		Sender IP: 192.168.1.8
		Dest IP: 192.168.1.255

	UDP Header
		Source Port:  17500
		Dest Port:  17500

Packet number: 52  Packet Len: 215

	Ethernet Header
		Dest MAC: ff:ff:ff:ff:ff:ff
		Source MAC: dc:ef:9:a8:b0:17
		Type: IP

	IP Header
		IP Version: 4
		Header Len (bytes): 20
		TOS subfields:
		   Diffserv bits: 0
		   ECN bits: 0
		TTL: 64
		Protocol: UDP
		Checksum: Correct (0x787b)
		Sender IP: 192.168.1.1
		Dest IP: 255.255.255.255

	UDP Header
		Source Port:  54776
		Dest Port:  7423

Packet number: 53  Packet Len: 58

	Ethernet Header
		Dest MAC: ff:ff:ff:ff:ff:ff
		Source MAC: 7c:d1:c3:9a:f1:ee
		Type: IP

	IP Header
		IP Version: 4
		Header Len (bytes): 20
		TOS subfields:
		   Diffserv bits: 0
		   ECN bits: 0
		TTL: 64
		Protocol: UDP
		Checksum: Correct (0xf776)
		Sender IP: 192.168.1.10
		Dest IP: 192.168.1.255

	UDP Header
		Source Port:  54055
		Dest Port:  8612

Packet number: 54  Packet Len: 58

	Ethernet Header
		Dest MAC: 1:0:5e:0:0:1
		Source MAC: 7c:d1:c3:9a:f1:ee
		Type: IP

	IP Header
		IP Version: 4
		Header Len (bytes): 20
		TOS subfields:
		   Diffserv bits: 0
		   ECN bits: 0
		TTL: 1
		Protocol: UDP
		Checksum: Correct (0x0a55)
		Sender IP: 192.168.1.10
		Dest IP: 224.0.0.1

	UDP Header
		Source Port:  60547
		Dest Port:  8612

Packet number: 55  Packet Len: 60

	Ethernet Header
		Dest MAC: ff:ff:ff:ff:ff:ff
		Source MAC: dc:ef:9:a8:b0:17
		Type: ARP

	ARP header
		Opcode: Request
		Sender MAC: dc:ef:9:a8:b0:17
		Sender IP: 192.168.1.1
		Target MAC: 0:0:0:0:0:0
		Target IP: 192.168.1.10


Packet number: 56  Packet Len: 60

	Ethernet Header
		Dest MAC: ff:ff:ff:ff:ff:ff
		Source MAC: dc:ef:9:a8:b0:17
		Type: ARP

	ARP header
		Opcode: Request
		Sender MAC: dc:ef:9:a8:b0:17
		Sender IP: 192.168.1.1
		Target MAC: 0:0:0:0:0:0
		Target IP: 192.168.1.8


Packet number: 57  Packet Len: 42

	Ethernet Header
		Dest MAC: dc:ef:9:a8:b0:17
		Source MAC: 28:cf:da:d7:a9:b0
		Type: ARP

	ARP header
		Opcode: Reply
		Sender MAC: 28:cf:da:d7:a9:b0
		Sender IP: 192.168.1.8
		Target MAC: dc:ef:9:a8:b0:17
		Target IP: 192.168.1.1


Packet number: 58  Packet Len: 60

	Ethernet Header
		Dest MAC: ff:ff:ff:ff:ff:ff
		Source MAC: dc:ef:9:a8:b0:17
		Type: ARP

	ARP header
		Opcode: Request
		Sender MAC: dc:ef:9:a8:b0:17
		Sender IP: 192.168.1.1
		Target MAC: 0:0:0:0:0:0
		Target IP: 192.168.1.6


Packet number: 59  Packet Len: 60

	Ethernet Header
		Dest MAC: ff:ff:ff:ff:ff:ff
		Source MAC: dc:ef:9:a8:b0:17
		Type: ARP

	ARP header
		Opcode: Request
		Sender MAC: dc:ef:9:a8:b0:17
		Sender IP: 192.168.1.1
		Target MAC: 0:0:0:0:0:0
		Target IP: 192.168.1.5


Packet number: 60  Packet Len: 60

	Ethernet Header
		Dest MAC: ff:ff:ff:ff:ff:ff
		Source MAC: dc:ef:9:a8:b0:17
		Type: ARP

	ARP header
		Opcode: Request
		Sender MAC: dc:ef:9:a8:b0:17
		Sender IP: 192.168.1.1
		Target MAC: 0:0:0:0:0:0
		Target IP: 192.168.1.2


Packet number: 61  Packet Len: 60

	Ethernet Header
		Dest MAC: ff:ff:ff:ff:ff:ff
		Source MAC: dc:ef:9:a8:b0:17
		Type: ARP

	ARP header
		Opcode: Request
		Sender MAC: dc:ef:9:a8:b0:17
		Sender IP: 192.168.1.1
		Target MAC: 0:0:0:0:0:0
		Target IP: 192.168.1.9


Packet number: 62  Packet Len: 60

	Ethernet Header
		Dest MAC: ff:ff:ff:ff:ff:ff
		Source MAC: dc:ef:9:a8:b0:17
		Type: ARP

	ARP header
		Opcode: Request
		Sender MAC: dc:ef:9:a8:b0:17
		Sender IP: 192.168.1.1
		Target MAC: 0:0:0:0:0:0
		Target IP: 192.168.1.4


Packet number: 63  Packet Len: 60

	Ethernet Header
		Dest MAC: ff:ff:ff:ff:ff:ff
		Source MAC: dc:ef:9:a8:b0:17
		Type: ARP

	ARP header
		Opcode: Request
		Sender MAC: dc:ef:9:a8:b0:17
		Sender IP: 192.168.1.1
		Target MAC: 0:0:0:0:0:0
		Target IP: 192.168.1.12


Packet number: 64  Packet Len: 60

	Ethernet Header
		Dest MAC: ff:ff:ff:ff:ff:ff
		Source MAC: dc:ef:9:a8:b0:17
		Type: ARP

	ARP header
		Opcode: Request
		Sender MAC: dc:ef:9:a8:b0:17
		Sender IP: 192.168.1.1
		Target MAC: 0:0:0:0:0:0
		Target IP: 192.168.1.14


Packet number: 65  Packet Len: 60

	Ethernet Header
		Dest MAC: ff:ff:ff:ff:ff:ff
		Source MAC: dc:ef:9:a8:b0:17
		Type: ARP

	ARP header
		Opcode: Request
		Sender MAC: dc:ef:9:a8:b0:17
		Sender IP: 192.168.1.1
		Target MAC: 0:0:0:0:0:0
		Target IP: 192.168.1.10


Packet number: 66  Packet Len: 60

	Ethernet Header
		Dest MAC: ff:ff:ff:ff:ff:ff
		Source MAC: dc:ef:9:a8:b0:17
		Type: ARP

	ARP header
		Opcode: Request
		Sender MAC: dc:ef:9:a8:b0:17
		Sender IP: 192.168.1.1
		Target MAC: 0:0:0:0:0:0
		Target IP: 192.168.1.3


Packet number: 67  Packet Len: 60

	Ethernet Header
		Dest MAC: ff:ff:ff:ff:ff:ff
		Source MAC: dc:ef:9:a8:b0:17
		Type: ARP

	ARP header
		Opcode: Request
		Sender MAC: dc:ef:9:a8:b0:17
		Sender IP: 192.168.1.1
		Target MAC: 0:0:0:0:0:0
		Target IP: 192.168.1.6


Packet number: 68  Packet Len: 60

	Ethernet Header
		Dest MAC: ff:ff:ff:ff:ff:ff
		Source MAC: dc:ef:9:a8:b0:17
		Type: ARP

	ARP header
		Opcode: Request
		Sender MAC: dc:ef:9:a8:b0:17
		Sender IP: 192.168.1.1
		Target MAC: 0:0:0:0:0:0
		Target IP: 192.168.1.5


Packet number: 69  Packet Len: 60

	Ethernet Header
		Dest MAC: ff:ff:ff:ff:ff:ff
		Source MAC: dc:ef:9:a8:b0:17
		Type: ARP

	ARP header
		Opcode: Request
		Sender MAC: dc:ef:9:a8:b0:17
		Sender IP: 192.168.1.1
		Target MAC: 0:0:0:0:0:0
		Target IP: 192.168.1.2


Packet number: 70  Packet Len: 60

	Ethernet Header
		Dest MAC: ff:ff:ff:ff:ff:ff
		Source MAC: dc:ef:9:a8:b0:17
		Type: ARP

	ARP header
		Opcode: Request
		Sender MAC: dc:ef:9:a8:b0:17
		Sender IP: 192.168.1.1
		Target MAC: 0:0:0:0:0:0
		Target IP: 192.168.1.9


Packet number: 71  Packet Len: 60

	Ethernet Header
		Dest MAC: ff:ff:ff:ff:ff:ff
		Source MAC: dc:ef:9:a8:b0:17
		Type: ARP

	ARP header
		Opcode: Request
		Sender MAC: dc:ef:9:a8:b0:17
		Sender IP: 192.168.1.1
		Target MAC: 0:0:0:0:0:0
		Target IP: 192.168.1.4


Packet number: 72  Packet Len: 60

	Ethernet Header
		Dest MAC: ff:ff:ff:ff:ff:ff
		Source MAC: dc:ef:9:a8:b0:17
		Type: ARP

	ARP header
		Opcode: Request
		Sender MAC: dc:ef:9:a8:b0:17
		Sender IP: 192.168.1.1
		Target MAC: 0:0:0:0:0:0
		Target IP: 192.168.1.12


Packet number: 73  Packet Len: 60

	Ethernet Header
		Dest MAC: ff:ff:ff:ff:ff:ff
		Source MAC: dc:ef:9:a8:b0:17
		Type: ARP

	ARP header
		Opcode: Request
		Sender MAC: dc:ef:9:a8:b0:17
		Sender IP: 192.168.1.1
		Target MAC: 0:0:0:0:0:0
		Target IP: 192.168.1.14


Packet number: 74  Packet Len: 54

	Ethernet Header
		Dest MAC: dc:ef:9:a8:b0:17
		Source MAC: 28:cf:da:d7:a9:b0
		Type: IP

	IP Header
		IP Version: 4
		Header Len (bytes): 20
		TOS subfields:
		   Diffserv bits: 0
		   ECN bits: 0
		TTL: 64
		Protocol: TCP
		Checksum: Correct (0x9a62)
		Sender IP: 192.168.1.8
		Dest IP: 216.58.217.36

	TCP Header
		Source Port:  58430
		Dest Port:  443
		Sequence Number: 3478527939
		ACK Number: 532072064
		Data Offset (bytes): 20
		SYN Flag: No
		RST Flag: No
		FIN Flag: No
		ACK Flag: Yes
		Window Size: 4096
		Checksum: Correct (0x717a)

Packet number: 75  Packet Len: 66

	Ethernet Header
		Dest MAC: 28:cf:da:d7:a9:b0
		Source MAC: dc:ef:9:a8:b0:17
		Type: IP

	IP Header
		IP Version: 4
		Header Len (bytes): 20
		TOS subfields:
		   Diffserv bits: 0
		   ECN bits: 0
		TTL: 46
		Protocol: TCP
		Checksum: Correct (0x698c)
		Sender IP: 216.58.217.36
		Dest IP: 192.168.1.8

	TCP Header
		Source Port:  443
		Dest Port:  58430
		Sequence Number: 532072064
		ACK Number: 3478527940
		Data Offset (bytes): 32
		SYN Flag: No
		RST Flag: No
		FIN Flag: No
		ACK Flag: Yes
		Window Size: 644
		Checksum: Correct (0xd8d6)

Packet number: 76  Packet Len: 60

	Ethernet Header
		Dest MAC: ff:ff:ff:ff:ff:ff
		Source MAC: dc:ef:9:a8:b0:17
		Type: ARP

	ARP header
		Opcode: Request
		Sender MAC: dc:ef:9:a8:b0:17
		Sender IP: 192.168.1.1
		Target MAC: 0:0:0:0:0:0
		Target IP: 192.168.1.10


Packet number: 77  Packet Len: 60

	Ethernet Header
		Dest MAC: ff:ff:ff:ff:ff:ff
		Source MAC: dc:ef:9:a8:b0:17
		Type: ARP

	ARP header
		Opcode: Request
		Sender MAC: dc:ef:9:a8:b0:17
		Sender IP: 192.168.1.1
		Target MAC: 0:0:0:0:0:0
		Target IP: 192.168.1.8


Packet number: 78  Packet Len: 42

	Ethernet Header
		Dest MAC: dc:ef:9:a8:b0:17
		Source MAC: 28:cf:da:d7:a9:b0
		Type: ARP

	ARP header
		Opcode: Reply
		Sender MAC: 28:cf:da:d7:a9:b0
		Sender IP: 192.168.1.8
		Target MAC: dc:ef:9:a8:b0:17
		Target IP: 192.168.1.1


Packet number: 79  Packet Len: 60

	Ethernet Header
		Dest MAC: ff:ff:ff:ff:ff:ff
		Source MAC: dc:ef:9:a8:b0:17
		Type: ARP

	ARP header
		Opcode: Request
		Sender MAC: dc:ef:9:a8:b0:17
		Sender IP: 192.168.1.1
		Target MAC: 0:0:0:0:0:0
		Target IP: 192.168.1.3


Packet number: 80  Packet Len: 60

	Ethernet Header
		Dest MAC: ff:ff:ff:ff:ff:ff
		Source MAC: dc:ef:9:a8:b0:17
		Type: ARP

	ARP header
		Opcode: Request
		Sender MAC: dc:ef:9:a8:b0:17
		Sender IP: 192.168.1.1
		Target MAC: 0:0:0:0:0:0
		Target IP: 192.168.1.6


Packet number: 81  Packet Len: 60

	Ethernet Header
		Dest MAC: ff:ff:ff:ff:ff:ff
		Source MAC: dc:ef:9:a8:b0:17
		Type: ARP

	ARP header
		Opcode: Request
		Sender MAC: dc:ef:9:a8:b0:17
		Sender IP: 192.168.1.1
		Target MAC: 0:0:0:0:0:0
		Target IP: 192.168.1.5


Packet number: 82  Packet Len: 60

	Ethernet Header
		Dest MAC: ff:ff:ff:ff:ff:ff
		Source MAC: dc:ef:9:a8:b0:17
		Type: ARP

	ARP header
		Opcode: Request
		Sender MAC: dc:ef:9:a8:b0:17
		Sender IP: 192.168.1.1
		Target MAC: 0:0:0:0:0:0
		Target IP: 192.168.1.2


Packet number: 83  Packet Len: 60

	Ethernet Header
		Dest MAC: ff:ff:ff:ff:ff:ff
		Source MAC: dc:ef:9:a8:b0:17
		Type: ARP

	ARP header
		Opcode: Request
		Sender MAC: dc:ef:9:a8:b0:17
		Sender IP: 192.168.1.1
		Target MAC: 0:0:0:0:0:0
		Target IP: 192.168.1.9


Packet number: 84  Packet Len: 60

	Ethernet Header
		Dest MAC: ff:ff:ff:ff:ff:ff
		Source MAC: dc:ef:9:a8:b0:17
		Type: ARP

	ARP header
		Opcode: Request
		Sender MAC: dc:ef:9:a8:b0:17
		Sender IP: 192.168.1.1
		Target MAC: 0:0:0:0:0:0
		Target IP: 192.168.1.4


Packet number: 85  Packet Len: 60

	Ethernet Header
		Dest MAC: ff:ff:ff:ff:ff:ff
		Source MAC: dc:ef:9:a8:b0:17
		Type: ARP

	ARP header
		Opcode: Request
		Sender MAC: dc:ef:9:a8:b0:17
		Sender IP: 192.168.1.1
		Target MAC: 0:0:0:0:0:0
		Target IP: 192.168.1.12


Packet number: 86  Packet Len: 60

	Ethernet Header
		Dest MAC: ff:ff:ff:ff:ff:ff
		Source MAC: dc:ef:9:a8:b0:17
		Type: ARP

	ARP header
		Opcode: Request
		Sender MAC: dc:ef:9:a8:b0:17
		Sender IP: 192.168.1.1
		Target MAC: 0:0:0:0:0:0
		Target IP: 192.168.1.14


Packet number: 87  Packet Len: 92

	Ethernet Header
		Dest MAC: 28:cf:da:d7:a9:b0
		Source MAC: dc:ef:9:a8:b0:17
		Type: IP

	IP Header
		IP Version: 4
		Header Len (bytes): 20
		TOS subfields:
		   Diffserv bits: 0
		   ECN bits: 0
		TTL: 64
		Protocol: UDP
		Checksum: Correct (0xb745)
		Sender IP: 192.168.1.1
		Dest IP: 192.168.1.8

	UDP Header
		Source Port:  55754
		Dest Port:  137

Packet number: 88  Packet Len: 163

	Ethernet Header
		Dest MAC: dc:ef:9:a8:b0:17
		Source MAC: 28:cf:da:d7:a9:b0
		Type: IP

	IP Header
		IP Version: 4
		Header Len (bytes): 20
		TOS subfields:
		   Diffserv bits: 0
		   ECN bits: 0
		TTL: 64
		Protocol: UDP
		Checksum: Correct (0x4375)
		Sender IP: 192.168.1.8
		Dest IP: 192.168.1.1

	UDP Header
		Source Port:  137
		Dest Port:  55754

Packet number: 89  Packet Len: 215

	Ethernet Header
		Dest MAC: ff:ff:ff:ff:ff:ff
		Source MAC: dc:ef:9:a8:b0:17
		Type: IP

	IP Header
		IP Version: 4
		Header Len (bytes): 20
		TOS subfields:
		   Diffserv bits: 0
		   ECN bits: 0
		TTL: 64
		Protocol: UDP
		Checksum: Correct (0x787b)
		Sender IP: 192.168.1.1
		Dest IP: 255.255.255.255

	UDP Header
		Source Port:  54776
		Dest Port:  7423

Packet number: 90  Packet Len: 42

	Ethernet Header
		Dest MAC: ff:ff:ff:ff:ff:ff
		Source MAC: 2c:8a:72:ba:36:36
		Type: ARP

	ARP header
		Opcode: Reply
		Sender MAC: 2c:8a:72:ba:36:36
		Sender IP: 192.168.1.6
		Target MAC: ff:ff:ff:ff:ff:ff
		Target IP: 192.168.1.1

